<?xml version="1.0" encoding="UTF-8"?>
<testng-results ignored="0" total="1" passed="1" failed="0" skipped="0">
  <reporter-output>
  </reporter-output>
  <suite started-at="2023-02-02T21:59:41 IST" name="Default suite" finished-at="2023-02-02T21:59:47 IST" duration-ms="5053">
    <groups>
    </groups>
    <test started-at="2023-02-02T21:59:41 IST" name="Default test" finished-at="2023-02-02T21:59:47 IST" duration-ms="5053">
      <class name="ravikumaracademy.ExtentReports.ExtentReportDemo">
        <test-method is-config="true" signature="ExtentReports()[pri:0, instance:ravikumaracademy.ExtentReports.ExtentReportDemo@368247b9]" started-at="2023-02-02T21:59:41 IST" name="ExtentReports" finished-at="2023-02-02T21:59:42 IST" duration-ms="250" status="PASS">
          <reporter-output>
          </reporter-output>
        </test-method> <!-- ExtentReports -->
        <test-method signature="initializeBrowser()[pri:0, instance:ravikumaracademy.ExtentReports.ExtentReportDemo@368247b9]" started-at="2023-02-02T21:59:42 IST" name="initializeBrowser" finished-at="2023-02-02T21:59:47 IST" duration-ms="4764" status="PASS">
          <reporter-output>
          </reporter-output>
        </test-method> <!-- initializeBrowser -->
      </class> <!-- ravikumaracademy.ExtentReports.ExtentReportDemo -->
    </test> <!-- Default test -->
  </suite> <!-- Default suite -->
</testng-results>
